Reading file
-----Test mode on-----------
Initiating datasets....

Generating mutant sequences...

NM_001256821.1(RIT1):c.31G>C (p.Glu11Gln)
ori=E CC
NM_001001430.2(TNNT2):c.517C>T (p.Arg173Trp)
ori=R EN
NM_181461.3(PAX3):c.1202C>T (p.Ser401Leu)
ori=S GV
NM_198843.2(SFTPB):c.565G>A (p.Val189Ile)
ori=V PG
NM_178335.2(CCDC50):c.821G>A (p.Arg274Gln)
ori=R GE
NM_178335.2(CCDC50):c.1276A>G (p.Lys426Glu)
ori=K 
NM_178335.2(CCDC50):c.1276A>G (p.Lys426Glu)
ori=K 
NM_198177.2(MITF):c.8C>T (p.Ala3Val)
ori=A SE
NM_000248.3(MITF):c.302A>G (p.Glu101Gly)
ori=E SV
NM_000248.3(MITF):c.383C>G (p.Ser128Ter)
ori=S KY
NM_000248.3(MITF):c.722G>A (p.Trp241Ter)
ori=W IL
NM_000248.3(MITF):c.808C>T (p.Arg270Ter)
ori=R LP
NM_001130089.1(KARS):c.1342C>T (p.Arg448Cys)
ori=R VG
NM_001130089.1(KARS):c.1868C>G (p.Thr623Ser)
ori=T 
NM_001130089.1(KARS):c.1868C>G (p.Thr623Ser)
ori=T 
NM_001130089.1(KARS):c.685T>C (p.Tyr229His)
ori=Y QR
NM_001130089.1(KARS):c.254A>G (p.Asn85Ser)
ori=N HQ
NM_001145809.1(MYH14):c.4417G>A (p.Val1473Met)
ori=V LL
NM_001145809.1(MYH14):c.5573G>A (p.Arg1858His)
ori=R GK
NM_172246.2(CSF2RA):c.1073G>T (p.Arg358Leu)
ori=R PV
Reading file
Initiating datasets....

Generating mutant sequences...

NM_001256821.1(RIT1):c.31G>C (p.Glu11Gln)
ori=E CC
NM_001001430.2(TNNT2):c.517C>T (p.Arg173Trp)
ori=R EN
NM_181461.3(PAX3):c.1202C>T (p.Ser401Leu)
ori=S GV
NM_198843.2(SFTPB):c.565G>A (p.Val189Ile)
ori=V PG
NM_178335.2(CCDC50):c.821G>A (p.Arg274Gln)
ori=R GE
NM_178335.2(CCDC50):c.1276A>G (p.Lys426Glu)
ori=K 
NM_178335.2(CCDC50):c.1276A>G (p.Lys426Glu)
ori=K 
NM_198177.2(MITF):c.8C>T (p.Ala3Val)
ori=A SE
NM_000248.3(MITF):c.302A>G (p.Glu101Gly)
ori=E SV
NM_000248.3(MITF):c.383C>G (p.Ser128Ter)
ori=S KY
NM_000248.3(MITF):c.722G>A (p.Trp241Ter)
ori=W IL
NM_000248.3(MITF):c.808C>T (p.Arg270Ter)
ori=R LP
NM_001130089.1(KARS):c.1342C>T (p.Arg448Cys)
ori=R VG
NM_001130089.1(KARS):c.1868C>G (p.Thr623Ser)
ori=T 
NM_001130089.1(KARS):c.1868C>G (p.Thr623Ser)
ori=T 
NM_001130089.1(KARS):c.685T>C (p.Tyr229His)
ori=Y QR
NM_001130089.1(KARS):c.254A>G (p.Asn85Ser)
ori=N HQ
NM_001145809.1(MYH14):c.4417G>A (p.Val1473Met)
ori=V LL
NM_001145809.1(MYH14):c.5573G>A (p.Arg1858His)
ori=R GK
NM_172246.2(CSF2RA):c.1073G>T (p.Arg358Leu)
ori=R PV
NM_001456.3(FLNA):c.7231C>T (p.Arg2411Ter)
ori=R IP
NM_001128425.1(MUTYH):c.1471A>T (p.Lys491Ter)
ori=K FR
NM_001128425.1(MUTYH):c.847A>G (p.Met283Val)
ori=M GA
NM_001128425.1(MUTYH):c.628C>T (p.Gln210Ter)
ori=Q PG
NM_001128425.1(MUTYH):c.467G>A (p.Trp156Ter)
ori=W LQ
NM_001128425.1(MUTYH):c.463A>T (p.Lys155Ter)
ori=K TL
NM_001128425.1(MUTYH):c.421C>T (p.Gln141Ter)
ori=Q TV
NM_001135091.1(MUC15):c.137C>G (p.Ser46Trp)
ori=S PI
NM_020732.3(ARID1B):c.6272T>C (p.Ile2091Thr)
ori=I RD
NM_001916.4(CYC1):c.227T>C (p.Val76Ala)
ori=V MA
NM_001297590.1(CD3EAP):c.850A>G (p.Thr284Ala)
ori=T LS
NM_020639.2(RIPK4):c.2101C>T (p.Pro701Ser)
ori=P AR
NM_001130438.2(SPTAN1):c.7414C>T (p.Arg2472Cys)
ori=R N
NM_020732.3(ARID1B):c.1019C>T (p.Ala340Val)
ori=A GQ
NM_001161766.1(AHCY):c.209C>T (p.Pro70Leu)
ori=P LG
NM_002222.5(ITPR1):c.7471G>A (p.Gly2491Arg)
ori=G TG
NM_033507.1(GCK):c.1151C>T (p.Ser384Leu)
ori=S AG
NM_015074.3(KIF1B):c.2107T>C (p.Trp703Arg)
ori=W QR
NM_015074.3(KIF1B):c.2192A>G (p.Asn731Ser)
ori=N EE
NM_015074.3(KIF1B):c.4660G>A (p.Val1554Met)
ori=V FE
NM_001128425.1(MUTYH):c.1435G>T (p.Glu479Ter)
ori=E HT
NM_001166110.1(PALLD):c.1211G>A (p.Arg404His)
ori=R TG
NM_024426.5(WT1):c.216G>T (p.Gln72His)
ori=Q IK
NM_001754.4(RUNX1):c.1005G>T (p.Gln335His)
ori=Q SG
NM_001754.4(RUNX1):c.167T>C (p.Leu56Ser)
ori=L AD
NM_000328.2(RPGR):c.2323A>G (p.Ile775Val)
ori=I SK
NM_007075.3(WDR45):c.614G>A (p.Gly205Asp)
ori=G TV
NM_020732.3(ARID1B):c.2941C>T (p.Gln981Ter)
ori=Q GN
NM_001018008.1(TPM1):c.304G>A (p.Glu102Lys)
ori=E AQ
NM_199165.2(ADSSL1):c.910G>A (p.Asp304Asn)
ori=D RV
NM_001099952.2(ITPR1):c.7640G>C (p.Gly2547Ala)
ori=G LS
NM_015271.4(TRIM2):c.2000A>C (p.Asp667Ala)
ori=D GQ
NM_001128425.1(MUTYH):c.778C>T (p.Gln260Ter)
ori=Q WG
NM_001145287.2(OPRM1):c.140C>G (p.Ser47Cys)
ori=S PN
NM_001142699.1(DLG2):c.1541T>C (p.Leu514Pro)
ori=L DL
NM_001178032.2(ZC4H2):c.539G>T (p.Cys180Phe)
ori=C RQ
NM_198159.2(MITF):c.943C>T (p.Arg315Ter)
ori=R NH
NM_001754.4(RUNX1):c.602G>A (p.Arg201Gln)
ori=R LE
NM_001754.4(RUNX1):c.328A>G (p.Lys110Glu)
ori=K DE
NM_000883.3(IMPDH1):c.931G>A (p.Asp311Asn)
ori=D KN
NM_033507.1(GCK):c.784G>A (p.Gly262Arg)
ori=G DS
NM_001163213.1(FGFR3):c.1626C>G (p.Asn542Lys)
ori=N LG
NM_000090.3(COL3A1):c.1149+1G>A (p.Gly351_Pro383del) did not find match
NM_033150.2(COL2A1):c.2503C>T (p.Arg835Cys)
ori=R FA
NM_001042425.1(TFAP2A):c.751A>G (p.Arg251Gly)
ori=R GV
NM_000487.5(ARSA):c.1178C>G (p.Thr393Ser)
ori=T KY
NM_000487.5(ARSA):c.257G>A (p.Arg86Gln)
ori=R GM
NM_000487.5(ARSA):c.769G>C (p.Asp257His)
ori=D AV
NM_001258332.1(GALT):c.197G>A (p.Gly66Asp)
ori=G PR
NM_001258332.1(GALT):c.274C>T (p.Arg92Cys)
ori=R TF
NM_001123.3(ADK):c.902C>A (p.Ala301Glu)
ori=A VL
NM_001077488.3(GNAS):c.1177G>A (p.Glu393Lys)
ori=E 
NM_001077488.3(GNAS):c.1177G>A (p.Glu393Lys)
ori=E 
NM_003688.3(CASK):c.2168A>G (p.Tyr723Cys)
ori=Y LD
NM_032121.5(MAGT1):c.409C>T (p.Arg137Ter)
ori=R PT
NM_015979.3(MED23):c.1850G>A (p.Arg617Gln)
ori=R PH
NM_147686.3(TRAF3IP2):c.28G>A (p.Asp10Asn)
ori=D MN
NM_001077186.1(MYH14):c.2822G>T (p.Arg941Leu)
ori=R VS
NM_020732.3(ARID1B):c.3304C>T (p.Arg1102Ter)
ori=R GK
NM_020732.3(ARID1B):c.3223C>T (p.Arg1075Ter)
ori=R NS
NM_001165928.3(DAG1):c.41G>C (p.Trp14Ser)
ori=W SG
NM_001080116.1(LDB3):c.611A>G (p.Lys204Arg)
ori=K AE
NM_001258332.1(GALT):c.421C>A (p.Pro141Thr)
ori=P LM
NM_000171.3(GLRA1):c.1259G>A (p.Arg420His)
ori=R AK
NM_002222.5(ITPR1):c.4612G>A (p.Val1538Met)
ori=V QK
NM_001077416.2(TMEM231):c.784G>A (p.Asp262Asn)
ori=D FW
NM_004985.4(KRAS):c.458A>G (p.Asp153Gly)
ori=D ED
NM_001128425.1(MUTYH):c.1585C>A (p.Leu529Met)
ori=L FF
NM_001128425.1(MUTYH):c.1601G>A (p.Arg534Gln)
ori=R IS
NM_001128425.1(MUTYH):c.733C>T (p.Arg245Cys)
ori=R AI
NM_001128425.1(MUTYH):c.1014G>C (p.Gln338His)
ori=Q LC
NM_001083603.1(PTCH1):c.163G>C (p.Asp55His)
ori=D YC
NM_007075.3(WDR45):c.700C>T (p.Arg234Ter)
ori=R GT
NM_000308.3(CTSA):c.799T>A (p.Tyr267Asn)
ori=Y VG
NM_031466.7(TRAPPC9):c.1708C>T (p.Arg570Ter)
ori=R PF
NM_001099287.1(NIPAL4):c.433C>T (p.Arg145Ter)
ori=R LS
NM_201548.4(CERKL):c.769C>T (p.Arg257Ter)
ori=R GG
NM_006493.2(CLN5):c.225G>A (p.Trp75Ter)
ori=W TF
NM_006493.2(CLN5):c.1054G>T (p.Glu352Ter)
ori=E NK
NM_000487.5(ARSA):c.1283C>T (p.Pro428Leu)
ori=P LY
NM_000487.5(ARSA):c.302G>A (p.Gly101Asp)
ori=G PL
NM_000487.5(ARSA):c.293C>T (p.Ser98Phe)
ori=S GG
NM_000487.5(ARSA):c.542T>G (p.Ile181Ser)
ori=I LL
NM_000487.5(ARSA):c.641C>T (p.Ala214Val)
ori=A RQ
NM_000487.5(ARSA):c.736C>T (p.Arg246Cys)
ori=R PF
NM_000487.5(ARSA):c.739G>A (p.Gly247Arg)
ori=G FG
NM_000487.5(ARSA):c.827C>T (p.Thr276Met)
ori=T VI
NM_000487.5(ARSA):c.868C>T (p.Arg290Cys)
ori=R SR
NM_000487.5(ARSA):c.1010A>T (p.Asp337Val)
ori=D LP
NM_000487.5(ARSA):c.1114C>T (p.Arg372Trp)
ori=R SL
NM_000487.5(ARSA):c.1150G>A (p.Glu384Lys)
ori=E RG
NM_000487.5(ARSA):c.763G>A (p.Glu255Lys)
ori=E DA
NM_024426.4(WT1):c.1384C>T (p.Arg462Trp)
ori=R 
NM_024426.4(WT1):c.1384C>T (p.Arg462Trp)
ori=R 
NM_024426.4(WT1):c.1301G>A (p.Arg434His)
ori=R HH
NM_024426.4(WT1):c.1372C>T (p.Arg458Ter)
ori=R 
NM_024426.4(WT1):c.1372C>T (p.Arg458Ter)
ori=R 
NM_024426.4(WT1):c.1288C>T (p.Arg430Ter)
ori=R EL
NM_000272.3(NPHP1):c.1027G>A (p.Gly343Arg)
ori=G NQ
NM_001195794.1(CLRN1):c.567T>G (p.Tyr189Ter)
ori=Y FW
NM_175073.2(APTX):c.837G>A (p.Trp279Ter)
ori=W SQ
NM_015074.3(KIF1B):c.2480C>T (p.Thr827Ile)
ori=T VE
NM_015074.3(KIF1B):c.3649C>T (p.Pro1217Ser)
ori=P RR
NM_001080114.1(LDB3):c.494C>T (p.Ala165Val)
ori=A RA
NM_001128425.1(MUTYH):c.536A>G (p.Tyr179Cys)
ori=Y RG
NM_001128425.1(MUTYH):c.1187G>A (p.Gly396Asp)
ori=G AG
NM_001128425.1(MUTYH):c.312C>A (p.Tyr104Ter)
ori=Y EK
NM_001128425.1(MUTYH):c.1438G>T (p.Glu480Ter)
ori=E TA
NM_006640.4(SEPT9):c.262C>T (p.Arg88Trp)
ori=R AS
NM_001128227.2(GNE):c.2228T>C (p.Met743Thr)
ori=M 
NM_001128227.2(GNE):c.2228T>C (p.Met743Thr)
ori=M 
NM_001128227.2(GNE):c.1985C>T (p.Ala662Val)
ori=A PS
NM_003244.3(TGIF1):c.320A>T (p.Gln107Leu)
ori=Q PH
NM_001083962.1(TCF4):c.1738C>T (p.Arg580Trp)
ori=R IN
NM_001083962.1(TCF4):c.1739G>A (p.Arg580Gln)
ori=R IN
NM_130838.1(UBE3A):c.2304G>A (p.Trp768Ter)
ori=W QA
NM_001190468.1(GDNF):c.499G>A (p.Asp167Asn)
ori=D RR
NM_153380.3(ZNF41):c.332C>T (p.Pro111Leu)
ori=P QI
NM_001173454.1(PDHA1):c.1247G>A (p.Arg416His)
ori=R 
NM_001173454.1(PDHA1):c.1247G>A (p.Arg416His)
ori=R 
NM_006359.2(SLC9A6):c.1402C>T (p.Arg468Ter)
ori=R LN
NM_000084.4(CLCN5):c.731C>T (p.Ser244Leu)
ori=S KT
NM_001110792.1(MECP2):c.5C>T (p.Ala2Val)
ori=A VA
NM_000500.7(CYP21A2):c.518T>A (p.Ile173Asn)
ori=I CY
NM_000500.7(CYP21A2):c.844G>T (p.Val282Leu)
ori=V HM
NM_000500.7(CYP21A2):c.1069C>T (p.Arg357Trp)
ori=R PV
NM_000500.7(CYP21A2):c.806G>C (p.Ser269Thr)
ori=S ME
NM_000500.7(CYP21A2):c.1360C>T (p.Pro454Ser)
ori=P SG
NM_000500.7(CYP21A2):c.955C>T (p.Gln319Ter)
ori=Q EE
NM_000500.7(CYP21A2):c.188A>T (p.His63Leu)
ori=H LG
NM_001001430.2(TNNT2):c.236T>A (p.Ile79Asn)
ori=I SF
NM_001001430.2(TNNT2):c.275G>A (p.Arg92Gln)
ori=R GE
NM_001001430.2(TNNT2):c.328T>A (p.Phe110Ile)
ori=F NE
NM_001001430.2(TNNT2):c.391C>T (p.Arg131Trp)
ori=R VS
NM_004985.4(KRAS):c.458A>T (p.Asp153Val)
ori=D ED
NM_000559.2(HBG1):c.227C>T (p.Thr76Ile)
ori=T IK
NM_000544.3(TAP2):c.1993G>A (p.Ala665Thr)
ori=A TV
NM_000544.3(TAP2):c.2059C>T (p.Gln687Ter)
ori=Q 
NM_000593.5(TAP1):c.1177A>G (p.Ile393Val)
ori=I KL
NM_000593.5(TAP1):c.2090A>G (p.Asp697Gly)
ori=D LL
NM_001127500.2(MET):c.3446T>C (p.Met1149Thr)
ori=M SE
NM_001127500.2(MET):c.3712G>A (p.Val1238Ile)
ori=V HN
NM_001127500.2(MET):c.3335A>G (p.His1112Arg)
ori=H LN
NM_005996.3(TBX3):c.1695C>A (p.His565Gln)
ori=H AA
NM_005996.3(TBX3):c.700A>G (p.Ile234Val)
ori=I YS
NM_001042413.1(GLIS3):c.1126C>T (p.Pro376Ser)
ori=P GE
NM_144508.4(KNL1):c.2728A>G (p.Arg910Gly)
ori=R HR
NM_001080463.1(DYNC2H1):c.11060C>T (p.Ala3687Val)
ori=A QS
NM_002274.3(KRT13):c.1250G>A (p.Arg417His)
ori=R IG
NM_005996.3(TBX3):c.1094A>G (p.His365Arg)
ori=H LK
NM_005996.3(TBX3):c.1625C>T (p.Ala542Val)
ori=A LL
NM_005996.3(TBX3):c.1250A>G (p.His417Arg)
ori=H FA
NM_001754.4(RUNX1):c.1355T>G (p.Val452Gly)
ori=V PY
NM_052873.2(IFT43):c.280G>A (p.Asp94Asn)
ori=D SD
NM_153380.3(ZNF41):c.746A>C (p.Glu249Ala)
ori=E RN
NM_153380.3(ZNF41):c.664A>G (p.Asn222Asp)
ori=N TK
NM_000084.4(CLCN5):c.426G>A (p.Met142Ile)
ori=M AG
NM_006640.4(SEPT9):c.223G>T (p.Val75Leu)
ori=V AR
NM_006640.4(SEPT9):c.388C>T (p.Arg130Trp)
ori=R FG
NM_006640.4(SEPT9):c.656G>A (p.Arg219Gln)
ori=R LQ
NM_202001.2(ERCC1):c.875G>A (p.Trp292Ter)
ori=W PF
NM_006640.4(SEPT9):c.1672A>G (p.Met558Val)
ori=M EA
NM_153380.3(ZNF41):c.2309G>C (p.Ser770Thr)
ori=S FI
NM_153380.3(ZNF41):c.2116C>T (p.Leu706Phe)
ori=L IC
NM_153380.3(ZNF41):c.590A>G (p.Lys197Arg)
ori=K LS
NM_000084.4(CLCN5):c.1034G>A (p.Arg345Gln)
ori=R LK
NM_153380.3(ZNF41):c.1700A>G (p.Lys567Arg)
ori=K CA
NM_153380.3(ZNF41):c.901T>C (p.Cys301Arg)
ori=C TH
NM_153380.3(ZNF41):c.743A>G (p.Tyr248Cys)
ori=Y NR
NM_001080463.1(DYNC2H1):c.10121G>A (p.Arg3374His)
ori=R NP
NM_001080463.1(DYNC2H1):c.10343T>C (p.Leu3448Pro)
ori=L QG
NM_000527.4(LDLR):c.520G>T (p.E174*) did not find match
NM_000527.4(LDLR):c.2167G>T (p.E723*) did not find match
NM_001128227.2(GNE):c.1616T>C (p.Leu539Ser)
ori=L TL
NM_001128227.2(GNE):c.1355T>C (p.Val452Ala)
ori=V MC
NM_001128227.2(GNE):c.1009C>T (p.Arg337Ter)
ori=R AD
NM_001128227.2(GNE):c.949C>T (p.Gln317Ter)
ori=Q NL
NM_001128227.2(GNE):c.748C>T (p.Gln250Ter)
ori=Q LF
NM_001128227.2(GNE):c.478C>T (p.Arg160Ter)
ori=R CT
NM_000360.3(TH):c.601C>T (p.Gln201Ter)
ori=Q VS
NM_006493.2(CLN5):c.940G>T (p.Glu314Ter)
ori=E AV
NM_006493.2(CLN5):c.1105C>T (p.Gln369Ter)
ori=Q 
NM_006493.2(CLN5):c.1105C>T (p.Gln369Ter)
ori=Q 
NM_000487.5(ARSA):c.526C>T (p.Gln176Ter)
ori=Q LV
NM_000487.5(ARSA):c.421C>T (p.Gln141Ter)
ori=Q FH
NM_019056.6(NDUFB11):c.391G>A (p.Glu131Lys)
ori=E AN
NM_001128425.1(MUTYH):c.713A>G (p.Asn238Ser)
ori=N RV
NM_001317040.1(GLB1):c.985C>T (p.His329Tyr)
ori=H TS
NM_000248.3(MITF):c.763C>T (p.Arg255Ter)
ori=R LP
NM_001099287.1(NIPAL4):c.688G>A (p.Gly230Arg)
ori=G IC
NM_020732.3(ARID1B):c.1360C>T (p.Gln454Ter)
ori=Q PR
NM_020732.3(ARID1B):c.769G>T (p.Gly257Ter)
ori=G PG
NM_020732.3(ARID1B):c.3048G>T (p.Met1016Ile)
ori=M AA
NM_020732.3(ARID1B):c.2371G>A (p.Gly791Ser)
ori=G SP
NM_020732.3(ARID1B):c.2776C>T (p.Gln926Ter)
ori=Q PP
NM_001193536.1(DOCK8):c.1444C>T (p.Arg482Ter)
ori=R ED
NM_130838.1(UBE3A):c.1420A>G (p.Asn474Asp)
ori=N KF
NM_003244.3(TGIF1):c.269G>A (p.Arg90His)
ori=R QP
NM_000487.5(ARSA):c.979G>A (p.Gly327Ser)
ori=G TH
NM_003688.3(CASK):c.2368C>T (p.Gln790Ter)
ori=Q FV
NM_004606.4(TAF1):c.2954C>T (p.Ser985Phe)
ori=S KK
NM_018973.3(DPM3):c.227T>A (p.Leu76Gln)
ori=L SQ
NM_182943.2(PLOD2):c.2038C>T (p.Arg680Ter)
ori=R NV
NM_020732.3(ARID1B):c.1612C>T (p.Gln538Ter)
ori=Q SQ
NM_000883.3(IMPDH1):c.928A>C (p.Thr310Pro)
ori=T AK
NM_001270447.1(ACADVL):c.1427G>A (p.Arg476Gln)
ori=R GC
NM_001077488.3(GNAS):c.85C>T (p.Gln29Ter)
ori=Q AT
NM_001110792.1(MECP2):c.1282G>T (p.Glu428Ter)
ori=E GC
NM_001034853.1(RPGR):c.2785G>T (p.Glu929Ter)
ori=E DS
NM_007313.2(ABL1):c.1066G>A (p.Ala356Thr)
ori=A KK
NM_007313.2(ABL1):c.734A>G (p.Tyr245Cys)
ori=Y KH
NM_001162426.1(TSC1):c.2266G>T (p.Glu756Ter)
ori=E KE
NM_001003694.1(BRPF1):c.2497C>T (p.Arg833Ter)
ori=R GP
NM_016023.3(OTUD6B):c.647A>G (p.Tyr216Cys)
ori=Y CE
NM_207037.1(TCF12):c.1520T>G (p.Leu507Arg)
ori=L QS
NM_001167734.1(VARS2):c.2383G>A (p.Val795Met)
ori=V RG
NM_001167734.1(VARS2):c.2590C>T (p.Arg864Cys)
ori=R LW
NM_020732.3(ARID1B):c.101T>C (p.Leu34Pro)
ori=L AP
NM_001003927.2(EVI2A):c.596A>G (p.Gln199Arg)
ori=Q TK
NM_001001430.2(TNNT2):c.391C>G (p.Arg131Gly)
ori=R VS
NM_052985.3(IFT122):c.2981A>G (p.Tyr994Cys)
ori=Y SK
NM_182943.2(PLOD2):c.1949T>C (p.Phe650Ser)
ori=F NF
NM_001130105.1(COL4A3BP):c.554C>A (p.Ser185Tyr)
ori=S CA
NM_001167734.1(VARS2):c.2983G>A (p.Ala995Thr)
ori=A QL
NM_001723.5(DST):c.7543C>T (p.Gln2515Ter)
ori=Q ER
NM_001723.5(DST):c.4993C>T (p.Gln1665Ter)
ori=Q LL
NM_000248.3(MITF):c.637G>C (p.Glu213Gln)
ori=E NT
NM_001167734.1(VARS2):c.2840G>A (p.Arg947Gln)
ori=R EP
NM_020732.3(ARID1B):c.6406T>C (p.Ser2136Pro)
ori=S PF
NM_001723.5(DST):c.5780A>G (p.His1927Arg)
ori=H LK
NM_001167734.1(VARS2):c.1604C>T (p.Ser535Phe)
ori=S AY
NM_001167734.1(VARS2):c.1760C>A (p.Ala587Asp)
ori=A FS
NM_001167734.1(VARS2):c.2128G>T (p.Val710Leu)
ori=V IP
NM_016035.4(COQ4):c.149C>G (p.Ala50Gly)
ori=A GL
NM_001130438.2(SPTAN1):c.6133A>G (p.Lys2045Glu)
ori=K AA
NM_024790.6(CSPP1):c.2615G>A (p.Arg872His)
ori=R GE
NM_024790.6(CSPP1):c.3298T>C (p.Trp1100Arg)
ori=W SA
NM_014629.3(ARHGEF10):c.2134G>T (p.Ala712Ser)
ori=A SS
NM_020732.3(ARID1B):c.5303C>T (p.Pro1768Leu)
ori=P LM
NM_001167734.1(VARS2):c.166C>T (p.His56Tyr)
ori=H AT
NM_001167734.1(VARS2):c.280G>A (p.Gly94Arg)
ori=G KD
NM_024790.6(CSPP1):c.2575A>C (p.Ser859Arg)
ori=S LQ
NM_001167734.1(VARS2):c.1435T>C (p.Trp479Arg)
ori=W QW
NM_024790.6(CSPP1):c.3478C>T (p.Pro1160Ser)
ori=P VN
NM_001167734.1(VARS2):c.3236G>A (p.Arg1079Gln)
ori=R 
NM_001167734.1(VARS2):c.3236G>A (p.Arg1079Gln)
ori=R 
NM_001130438.2(SPTAN1):c.5468C>T (p.Pro1823Leu)
ori=P VL
NM_001130438.2(SPTAN1):c.6478C>T (p.Arg2160Cys)
ori=R FR
NM_001130438.2(SPTAN1):c.6343G>T (p.Ala2115Ser)
ori=A TD
NM_001130438.2(SPTAN1):c.7222G>A (p.Val2408Ile)
ori=V EI
NM_001130438.2(SPTAN1):c.4925C>A (p.Ala1642Asp)
ori=A FL
NM_006258.4(PRKG1):c.845A>G (p.Asn282Ser)
ori=N RT
NM_145891.2(RBFOX1):c.413G>A (p.Arg138Gln)
ori=R GQ
NM_001077416.2(TMEM231):c.878A>G (p.Asp293Gly)
ori=D QN
NM_001193466.1(KANSL1):c.1574C>G (p.Pro525Arg)
ori=P RI
NM_133644.3(GTPBP3):c.845T>C (p.Val282Ala)
ori=V GT
NM_133644.3(GTPBP3):c.1199G>A (p.Arg400His)
ori=R TG
NM_000516.5(GNAS):c.125G>A (p.Arg42His)
ori=R LR
NM_007075.3(WDR45):c.947A>C (p.Asn316Thr)
ori=N TS
NM_001083962.1(TCF4):c.1826T>C (p.Leu609Pro)
ori=L QA
NM_003159.2(CDKL5):c.2834A>G (p.His945Arg)
ori=H NR
NM_003159.2(CDKL5):c.2867G>A (p.Arg956His)
ori=R KE
NM_003159.2(CDKL5):c.2909G>A (p.Arg970Gln)
ori=R 
NM_003159.2(CDKL5):c.2909G>A (p.Arg970Gln)
ori=R 
NM_003159.2(CDKL5):c.2933T>G (p.Leu978Arg)
ori=L 
NM_003159.2(CDKL5):c.2933T>G (p.Leu978Arg)
ori=L 
NM_001456.3(FLNA):c.7613A>G (p.Gln2538Arg)
ori=Q LT
NM_001042413.1(GLIS3):c.1318A>G (p.Thr440Ala)
ori=T KP
NM_001042413.1(GLIS3):c.1085C>A (p.Pro362Gln)
ori=P LV
NM_199436.1(SPAST):c.1015C>T (p.Leu339Phe)
ori=L VK
NM_017519.2(ARID1B):c.1735C>T (p.Gln579Ter)
ori=Q RS
NM_004319.2(ASTN1):c.2224G>C (p.Gly742Arg)
ori=G NH
NM_001145294.1(NGLY1):c.188T>G (p.Ile63Ser)
ori=I TR
NM_001105214.2(ASH2L):c.1444A>G (p.Ile482Val)
ori=I QG
NM_003174.3(SVIL):c.2348C>T (p.Ser783Leu)
ori=S QA
NM_001143996.1(OGDHL):c.2162C>T (p.Ser721Leu)
ori=S MA
NM_022830.2(TUT1):c.1411G>A (p.Ala471Thr)
ori=A WD
NM_001178074.1(GRIP1):c.1142G>T (p.Ser381Ile)
ori=S DH
NM_001123383.1(BCOR):c.4190C>A (p.Ser1397Tyr)
ori=S FR
NM_021642.3(FCGR2A):c.184C>T (p.Gln62Ter)
ori=Q CQ
NM_021642.3(FCGR2A):c.185A>G (p.Gln62Arg)
ori=Q CQ
NM_001128227.2(GNE):c.172C>T (p.Pro58Ser)
ori=P YR
NM_201590.2(CACNB2):c.1526G>A (p.Arg509Gln)
ori=R PI
NM_006258.4(PRKG1):c.2014G>A (p.Asp672Asn)
ori=D 
NM_001080463.1(DYNC2H1):c.10987A>G (p.Met3663Val)
ori=M SI
NM_013280.4(FLRT1):c.1184C>T (p.Thr395Met)
ori=T DS
NM_152264.4(SLC39A13):c.83G>A (p.Gly28Glu)
ori=G ER
NM_013280.4(FLRT1):c.407A>G (p.Asp136Gly)
ori=D ST
NM_013280.4(FLRT1):c.1958T>C (p.Ile653Thr)
ori=I 
NM_013280.4(FLRT1):c.1958T>C (p.Ile653Thr)
ori=I 
NM_001160147.1(DDHD1):c.2429A>G (p.His810Arg)
ori=H DS
NM_001242.4(CD27):c.698G>A (p.Arg233His)
ori=R HY
NM_020806.4(GPHN):c.800A>G (p.Asn267Ser)
ori=N PS
NM_145891.2(RBFOX1):c.235C>T (p.Pro79Ser)
ori=P DT
NM_001082486.1(ACD):c.338G>A (p.Arg113Gln)
ori=R PA
NM_005027.3(PIK3R2):c.700C>A (p.Arg234Ser)
ori=R SR
NM_003895.3(SYNJ1):c.4790C>T (p.Thr1597Met)
ori=T 
NM_003895.3(SYNJ1):c.4790C>T (p.Thr1597Met)
ori=T 
NM_001754.4(RUNX1):c.65T>A (p.Ile22Lys)
ori=I PG
NM_001754.4(RUNX1):c.18A>G (p.Ile6Met)
ori=I DA
NM_005027.3(PIK3R2):c.937C>T (p.Pro313Ser)
ori=P ST
NM_014941.3(MORC2):c.1858G>A (p.Val620Ile)
ori=V AV
NM_001257230.1(ALG13):c.59A>G (p.Tyr20Cys)
ori=Y VS
NM_003895.3(SYNJ1):c.3322A>G (p.Ser1108Gly)
ori=S PP
NM_003895.3(SYNJ1):c.1663G>A (p.Val555Ile)
ori=V NQ
NM_003895.3(SYNJ1):c.4757C>T (p.Pro1586Leu)
ori=P 
NM_003895.3(SYNJ1):c.4757C>T (p.Pro1586Leu)
ori=P 
NM_003895.3(SYNJ1):c.4033G>A (p.Val1345Ile)
ori=V SP
NM_003895.3(SYNJ1):c.1147G>A (p.Ala383Thr)
ori=A CL
NM_001754.4(RUNX1):c.1415T>C (p.Leu472Pro)
ori=L 
NM_001754.4(RUNX1):c.1415T>C (p.Leu472Pro)
ori=L 
NM_001754.4(RUNX1):c.824C>T (p.Pro275Leu)
ori=P IS
NM_001142386.2(PDK3):c.1228A>C (p.Lys410Gln)
ori=K 
NM_001142386.2(PDK3):c.1228A>C (p.Lys410Gln)
ori=K 
NM_000328.2(RPGR):c.2365G>A (p.Asp789Asn)
ori=D SE
NM_003895.3(SYNJ1):c.4358G>A (p.Gly1453Glu)
ori=G RA
NM_003895.3(SYNJ1):c.4252A>G (p.Ile1418Val)
ori=I RA
NM_003895.3(SYNJ1):c.2023G>A (p.Val675Ile)
ori=V RM
NM_014941.3(MORC2):c.440A>G (p.Asn147Ser)
ori=N LP
NM_014941.3(MORC2):c.303G>T (p.Glu101Asp)
ori=E GN
NM_001456.3(FLNA):c.7341C>G (p.Ser2447Arg)
ori=S PA
NM_017745.5(BCOR):c.3848C>T (p.Pro1283Leu)
ori=P GL
NM_001128425.1(MUTYH):c.1028T>C (p.Leu343Pro)
ori=L SE
NM_001128425.1(MUTYH):c.953T>C (p.Leu318Ser)
ori=L GS
NM_001128425.1(MUTYH):c.361A>G (p.Met121Val)
ori=M DR
NM_001128425.1(MUTYH):c.248C>G (p.Ser83Ter)
ori=S LF
NM_001128425.1(MUTYH):c.308G>A (p.Trp103Ter)
ori=W QE
NM_006946.3(SPTBN2):c.2473G>A (p.Gly825Ser)
ori=G SR
NM_018846.4(KLHL7):c.1052T>A (p.Leu351Ter)
ori=L RM
NM_006800.3(MSL3):c.425T>C (p.Leu142Pro)
ori=L EI
NM_006800.3(MSL3):c.538C>T (p.Gln180Ter)
ori=Q LK
NM_006800.3(MSL3):c.874C>T (p.Arg292Ter)
ori=R LP
NM_001114331.2(CLCN7):c.1610G>A (p.Arg537Gln)
ori=R GA
NM_020732.3(ARID1B):c.4009C>T (p.Arg1337Ter)
ori=R PD
NM_001305625.1(CALM2):c.306C>G (p.Asn102Lys)
ori=N SA
NM_020920.3(CHD8):c.3541C>T (p.Arg1181Ter)
ori=R GR
NM_001195422.1(GTPBP3):c.506C>T (p.Ala169Val)
ori=A TE
NM_001195422.1(GTPBP3):c.583C>T (p.Arg195Trp)
ori=R LT
NM_001195422.1(GTPBP3):c.709G>T (p.Glu237Ter)
ori=E LR
NM_001195422.1(GTPBP3):c.1178T>C (p.Leu393Pro)
ori=L HL
NM_001167734.1(VARS2):c.601C>T (p.Arg201Trp)
ori=R ER
NM_020732.3(ARID1B):c.2773C>T (p.Gln925Ter)
ori=Q RP
NM_020732.3(ARID1B):c.4324G>T (p.Gly1442Ter)
ori=G YK
NM_020732.3(ARID1B):c.5776C>T (p.Arg1926Ter)
ori=R KK
NM_001128227.2(GNE):c.1863C>A (p.Tyr621Ter)
ori=Y AV
NM_007075.3(WDR45):c.577C>T (p.Gln193Ter)
ori=Q SD
NM_007075.3(WDR45):c.310A>T (p.Lys104Ter)
ori=K PV
NM_000084.4(CLCN5):c.82C>T (p.Arg28Ter)
ori=R ED
NM_001128425.1(MUTYH):c.1014G>T (p.Gln338His)
ori=Q LC
NM_001204399.1(PITX2):c.148C>T (p.Gln50Ter)
ori=Q SK
NM_205768.2(ZBTB18):c.1421C>T (p.Pro474Leu)
ori=P RF
NM_001039523.2(CHRNA1):c.959G>C (p.Gly320Ala)
ori=G HR
NM_001034853.1(RPGR):c.2605G>T (p.Glu869Ter)
ori=E KT
NM_001034853.1(RPGR):c.2416G>T (p.Glu806Ter)
ori=E IE
NM_198903.2(GABRG2):c.824G>A (p.Trp275Ter)
ori=W FT
NM_001160036.1(RHOBTB2):c.1531C>T (p.Arg511Trp)
ori=R IS
NM_000555.3(DCX):c.191C>T (p.Pro64Leu)
ori=P YF
NM_032495.5(HOPX):c.215G>A (p.Arg72His)
ori=R TD
NM_000487.5(ARSA):c.960G>A (p.Trp320Ter)
ori=W GH
NM_001168272.1(ITPR1):c.3867C>G (p.His1289Gln)
ori=H NN
NM_001195010.1(GRHL3):c.1087C>T (p.Arg363Cys)
ori=R SQ
NM_001171653.1(ZEB2):c.3046C>T (p.His1016Tyr)
ori=H RH
NM_001037811.2(HSD17B10):c.650G>A (p.Arg217Gln)
ori=R LA
NM_001128227.2(GNE):c.986T>C (p.Ile329Thr)
ori=I EN
NM_001206977.1(NR1H4):c.547C>T (p.Arg183Ter)
ori=R MY
NM_005996.3(TBX3):c.1208G>A (p.Arg403Gln)
ori=R PC
NM_000328.2(RPGR):c.2267C>T (p.Ser756Leu)
ori=S RY
NM_001015880.1(PAPSS2):c.886G>A (p.Val296Met)
ori=V IP
NM_007075.3(WDR45):c.811C>A (p.Arg271Ser)
ori=R LN
NM_000272.3(NPHP1):c.1004C>T (p.Thr335Met)
ori=T LS
NM_000487.5(ARSA):c.256C>T (p.Arg86Trp)
ori=R GM
NM_000487.5(ARSA):c.608A>G (p.Tyr203Cys)
ori=Y AF
NM_000487.5(ARSA):c.737G>A (p.Arg246His)
ori=R PF
NM_000487.5(ARSA):c.746T>C (p.Phe249Ser)
ori=F DS
NM_000487.5(ARSA):c.869G>A (p.Arg290His)
ori=R SR
NM_000487.5(ARSA):c.883G>A (p.Gly295Ser)
ori=G SG
NM_000487.5(ARSA):c.899T>C (p.Leu300Ser)
ori=L CG
NM_000487.5(ARSA):c.938G>A (p.Arg313Gln)
ori=R PA
NM_000965.4(RARB):c.1159C>T (p.Arg387Cys)
ori=R IS
NM_203446.2(SYNJ1):c.773G>A (p.Arg258Gln)
ori=R EQ
NM_000487.5(ARSA):c.1493G>A (p.Arg498His)
ori=R AC
NM_000487.5(ARSA):c.585G>T (p.Trp195Cys)
ori=W PG
NM_000487.5(ARSA):c.986C>T (p.Thr329Ile)
ori=T EL
NM_000487.5(ARSA):c.991G>T (p.Glu331Ter)
ori=E AS
NM_001083961.1(WDR62):c.3929A>T (p.Gln1310Leu)
ori=Q TQ
NM_001456.3(FLNA):c.5948C>T (p.Ser1983Leu)
ori=S LT
NM_003159.2(CDKL5):c.2995G>A (p.Val999Met)
ori=V 
NM_003159.2(CDKL5):c.2995G>A (p.Val999Met)
ori=V 
NM_000109.3(DMD):c.9658T>C (p.Phe3220Leu)
ori=F KQ
NM_004606.4(TAF1):c.868C>G (p.Leu290Val)
ori=L SL
NM_007171.3(POMT1):c.751C>T (p.Arg251Trp)
ori=R QM
NM_007171.3(POMT1):c.752G>A (p.Arg251Gln)
ori=R QM
NM_015386.2(COG4):c.485C>T (p.Thr162Ile)
ori=T LC
NM_032121.5(MAGT1):c.1028T>G (p.Val343Gly)
ori=V 
NM_032121.5(MAGT1):c.1028T>G (p.Val343Gly)
ori=V 
NM_153380.3(ZNF41):c.945T>G (p.Asp315Glu)
ori=D CT
NM_000348.3(SRD5A2):c.265C>G (p.Leu89Val)
ori=L VH
NM_002921.3(RGR):c.734C>T (p.Ser245Phe)
ori=S KL
NM_024790.6(CSPP1):c.658C>T (p.Arg220Ter)
ori=R PD
NM_000090.3(COL3A1):c.2022+2T>C (p.Gly660_Lys674del) did not find match
NM_000090.3(COL3A1):c.3417+1G>A (p.Gly1122_Arg1139del+) did not find match
NM_000090.3(COL3A1):c.1761+5G>A (p.Gly555_Asp587del) did not find match
NM_000090.3(COL3A1):c.1662+1G>A (p.Gly537_Pro554del) did not find match
NM_000090.3(COL3A1):c.2553+1G>A (p.Gly816_Ala851del) did not find match
NM_000090.3(COL3A1):c.3202-2A>G (p.Gly1068_Pro1085del) did not find match
NM_000090.3(COL3A1):c.997-1G>C (p.Gly333_Lys350del+) did not find match
NM_000090.3(COL3A1):c.636+5G>A (p.Gly195_Ser212del) did not find match
NM_020732.3(ARID1B):c.1285A>G (p.Met429Val)
ori=M AA
NM_020732.3(ARID1B):c.1678A>G (p.Ile560Val)
ori=I KD
NM_020732.3(ARID1B):c.278A>T (p.His93Leu)
ori=H AA
NM_020732.3(ARID1B):c.2896G>A (p.Gly966Ser)
ori=G LG
NM_020732.3(ARID1B):c.4495A>T (p.Met1499Leu)
ori=M RE
NM_020732.3(ARID1B):c.5207A>C (p.Glu1736Ala)
ori=E ST
NM_207036.1(TCF12):c.1838G>A (p.Arg613His)
ori=R PQ
NM_001128425.1(MUTYH):c.1012C>T (p.Gln338Ter)
ori=Q LC
NM_006493.2(CLN5):c.1103A>G (p.Lys368Arg)
ori=K 
NM_006493.2(CLN5):c.1103A>G (p.Lys368Arg)
ori=K 
NM_006493.2(CLN5):c.4C>T (p.Arg2Cys)
ori=R AQ
NM_015636.3(EIF2B4):c.913C>G (p.Arg305Gly)
ori=R DR
NM_001166110.1(PALLD):c.366G>C (p.Gln122His)
ori=Q PA
NM_133266.4(SHANK2):c.1028A>C (p.Lys343Thr)
ori=K QD
NM_001077416.2(TMEM231):c.78C>G (p.Ser26Arg)
ori=S FL
NM_031466.7(TRAPPC9):c.160A>G (p.Ser54Gly)
ori=S YI
NM_031466.7(TRAPPC9):c.661G>T (p.Glu221Ter)
ori=E DS
NM_001109809.2(ZFP57):c.593A>G (p.Asn198Ser)
ori=N QN
NM_001109809.2(ZFP57):c.1103A>T (p.Asp368Val)
ori=D KE
NM_001109809.2(ZFP57):c.374G>A (p.Arg125Gln)
ori=R GK
NM_001109809.2(ZFP57):c.559C>T (p.Arg187Cys)
ori=R QS
NM_153380.3(ZNF41):c.374T>G (p.Ile125Arg)
ori=I EG
NM_153380.3(ZNF41):c.660T>G (p.Asn220Lys)
ori=N VT
NM_017745.5(BCOR):c.3872A>G (p.Lys1291Arg)
ori=K PP
NM_004456.4(EZH2):c.1459G>A (p.Ala487Thr)
ori=A TP
NM_033084.4(FANCD2):c.4396C>A (p.Pro1466Thr)
ori=P 
NM_033084.4(FANCD2):c.4396C>A (p.Pro1466Thr)
ori=P 
NM_001127500.2(MET):c.2716C>T (p.His906Tyr)
ori=H EL
NM_001127500.2(MET):c.4141G>A (p.Ala1381Thr)
ori=A TR
NM_001166110.1(PALLD):c.121C>G (p.Pro41Ala)
ori=P KS
NM_001166110.1(PALLD):c.191C>G (p.Ala64Gly)
ori=A IS
NM_001166110.1(PALLD):c.395G>A (p.Arg132His)
ori=R SY
NM_001166110.1(PALLD):c.437T>G (p.Leu146Arg)
ori=L KT
NM_001166110.1(PALLD):c.466G>A (p.Val156Ile)
ori=V TP
NM_001166110.1(PALLD):c.881T>C (p.Met294Thr)
ori=M VT
NM_020745.3(AARS2):c.1015G>A (p.Val339Ile)
ori=V IF
NM_175073.2(APTX):c.431C>A (p.Ser144Tyr)
ori=S QE
NM_201590.2(CACNB2):c.1803T>G (p.Asp601Glu)
ori=D RH
NM_006493.2(CLN5):c.726C>A (p.Asn242Lys)
ori=N LA
NM_000090.3(COL3A1):c.4059G>T (p.Gln1353His)
ori=Q HL
NM_004006.2(DMD):c.7096C>A (p.Gln2366Lys)
ori=Q KE
NM_004006.2(DMD):c.2645G>A (p.Gly882Asp)
ori=G DL
NM_001172696.1(TSFM):c.817G>A (p.Val273Ile)
ori=V DE
NM_001130438.2(SPTAN1):c.5552C>T (p.Ala1851Val)
ori=A HW
NM_001198938.1(DTNA):c.1963G>T (p.Val655Phe)
ori=V QF
NM_001128425.1(MUTYH):c.393G>A (p.Trp131Ter)
ori=W EV
NM_001128425.1(MUTYH):c.289C>T (p.Arg97Ter)
ori=R LL
NM_001128425.1(MUTYH):c.940C>T (p.Gln314Ter)
ori=Q LL
NM_001128425.1(MUTYH):c.734G>A (p.Arg245His)
ori=R AI
NM_001167734.1(VARS2):c.1100C>T (p.Thr367Ile)
ori=T HP
NM_001128425.1(MUTYH):c.1013A>G (p.Gln338Arg)
ori=Q LC
NM_001128425.1(MUTYH):c.1214C>T (p.Pro405Leu)
ori=P TW
NM_001128425.1(MUTYH):c.739C>T (p.Arg247Ter)
ori=R GA
NM_003159.2(CDKL5):c.2854C>T (p.Arg952Ter)
ori=R LN
NM_003159.2(CDKL5):c.3012G>T (p.Arg1004Ser)
ori=R 
NM_003159.2(CDKL5):c.3012G>T (p.Arg1004Ser)
ori=R 
NM_001130702.2(BSCL2):c.833C>T (p.Pro278Leu)
ori=P DN
NM_130838.1(UBE3A):c.1201C>T (p.Arg401Ter)
ori=R IP
NM_130838.1(UBE3A):c.1730G>A (p.Trp577Ter)
ori=W LV
NM_130838.1(UBE3A):c.2245G>T (p.Glu749Ter)
ori=E LF
NM_130838.1(UBE3A):c.1633G>A (p.Gly545Arg)
ori=G ME
NM_130838.1(UBE3A):c.317C>A (p.Thr106Lys)
ori=T NS
NM_130838.1(UBE3A):c.349T>C (p.Cys117Arg)
ori=C GA
NM_001128425.1(MUTYH):c.1171C>T (p.Gln391Ter)
ori=Q NS
NM_130838.1(UBE3A):c.2503C>T (p.Leu835Phe)
ori=L ER
NM_130838.1(UBE3A):c.352A>G (p.Arg118Gly)
ori=R AR
NM_130838.1(UBE3A):c.139A>G (p.Ile47Val)
ori=I EA
NM_003159.2(CDKL5):c.3008T>C (p.Met1003Thr)
ori=M 
NM_003159.2(CDKL5):c.3008T>C (p.Met1003Thr)
ori=M 
NM_003688.3(CASK):c.2183A>G (p.Lys728Arg)
ori=K YE
NM_003688.3(CASK):c.2470C>T (p.Gln824Ter)
ori=Q RK
NM_004456.4(EZH2):c.2236A>G (p.Arg746Gly)
ori=R P
NM_004456.4(EZH2):c.2050C>T (p.Arg684Cys)
ori=R IR
NM_004456.4(EZH2):c.1876G>A (p.Val626Met)
ori=V IF
NM_130838.1(UBE3A):c.2485T>C (p.Tyr829His)
ori=Y KN
NM_130838.1(UBE3A):c.2071G>A (p.Val691Ile)
ori=V PM
NM_130838.1(UBE3A):c.2026A>G (p.Asn676Asp)
ori=N MM
NM_130838.1(UBE3A):c.1763A>G (p.Gln588Arg)
ori=Q GM
NM_130838.1(UBE3A):c.1688A>G (p.Asp563Gly)
ori=D QG
NM_130838.1(UBE3A):c.1634G>A (p.Gly545Glu)
ori=G ME
NM_130838.1(UBE3A):c.1599T>A (p.Tyr533Ter)
ori=Y ID
Traceback (most recent call last):
  File "/home/grads/z/zshuying/Downloads/ENTER/envs/shuying/lib/python3.10/site-packages/urllib3/connectionpool.py", line 703, in urlopen
    httplib_response = self._make_request(
  File "/home/grads/z/zshuying/Downloads/ENTER/envs/shuying/lib/python3.10/site-packages/urllib3/connectionpool.py", line 386, in _make_request
    self._validate_conn(conn)
  File "/home/grads/z/zshuying/Downloads/ENTER/envs/shuying/lib/python3.10/site-packages/urllib3/connectionpool.py", line 1042, in _validate_conn
    conn.connect()
  File "/home/grads/z/zshuying/Downloads/ENTER/envs/shuying/lib/python3.10/site-packages/urllib3/connection.py", line 414, in connect
    self.sock = ssl_wrap_socket(
  File "/home/grads/z/zshuying/Downloads/ENTER/envs/shuying/lib/python3.10/site-packages/urllib3/util/ssl_.py", line 449, in ssl_wrap_socket
    ssl_sock = _ssl_wrap_socket_impl(
  File "/home/grads/z/zshuying/Downloads/ENTER/envs/shuying/lib/python3.10/site-packages/urllib3/util/ssl_.py", line 493, in _ssl_wrap_socket_impl
    return ssl_context.wrap_socket(sock, server_hostname=server_hostname)
  File "/home/grads/z/zshuying/Downloads/ENTER/envs/shuying/lib/python3.10/ssl.py", line 513, in wrap_socket
    return self.sslsocket_class._create(
  File "/home/grads/z/zshuying/Downloads/ENTER/envs/shuying/lib/python3.10/ssl.py", line 1071, in _create
    self.do_handshake()
  File "/home/grads/z/zshuying/Downloads/ENTER/envs/shuying/lib/python3.10/ssl.py", line 1342, in do_handshake
    self._sslobj.do_handshake()
ssl.SSLEOFError: EOF occurred in violation of protocol (_ssl.c:997)

During handling of the above exception, another exception occurred:

Traceback (most recent call last):
  File "/home/grads/z/zshuying/Downloads/ENTER/envs/shuying/lib/python3.10/site-packages/requests/adapters.py", line 489, in send
    resp = conn.urlopen(
  File "/home/grads/z/zshuying/Downloads/ENTER/envs/shuying/lib/python3.10/site-packages/urllib3/connectionpool.py", line 787, in urlopen
    retries = retries.increment(
  File "/home/grads/z/zshuying/Downloads/ENTER/envs/shuying/lib/python3.10/site-packages/urllib3/util/retry.py", line 592, in increment
    raise MaxRetryError(_pool, url, error or ResponseError(cause))
urllib3.exceptions.MaxRetryError: HTTPSConnectionPool(host='rest.uniprot.org', port=443): Max retries exceeded with url: /uniprotkb/Q05086.fasta (Caused by SSLError(SSLEOFError(8, 'EOF occurred in violation of protocol (_ssl.c:997)')))

During handling of the above exception, another exception occurred:

Traceback (most recent call last):
  File "/home/grads/z/zshuying/Documents/shuying/ppi_mutation/scripts/esm/datasets.py", line 134, in <module>
    
  File "/home/grads/z/zshuying/Documents/shuying/ppi_mutation/scripts/esm/datasets.py", line 50, in __init__
    self.gen_sequence_file()
  File "/home/grads/z/zshuying/Documents/shuying/ppi_mutation/scripts/esm/datasets.py", line 62, in gen_sequence_file
    # df_sequence_mutant['Seq'] = [gen_mutant_one_row(uniprot_id, name) for uniprot_id, name in \
  File "/home/grads/z/zshuying/Documents/shuying/ppi_mutation/scripts/esm/datasets.py", line 62, in <listcomp>
    # df_sequence_mutant['Seq'] = [gen_mutant_one_row(uniprot_id, name) for uniprot_id, name in \
  File "/home/grads/z/zshuying/Documents/shuying/ppi_mutation/scripts/utils.py", line 389, in gen_mutant_one_row
    seq=get_sequence_from_uniprot_id(uniprot_id)
  File "/home/grads/z/zshuying/Documents/shuying/ppi_mutation/scripts/utils.py", line 299, in get_sequence_from_uniprot_id
    contnt = requests.get(url).text
  File "/home/grads/z/zshuying/Downloads/ENTER/envs/shuying/lib/python3.10/site-packages/requests/api.py", line 73, in get
    return request("get", url, params=params, **kwargs)
  File "/home/grads/z/zshuying/Downloads/ENTER/envs/shuying/lib/python3.10/site-packages/requests/api.py", line 59, in request
    return session.request(method=method, url=url, **kwargs)
  File "/home/grads/z/zshuying/Downloads/ENTER/envs/shuying/lib/python3.10/site-packages/requests/sessions.py", line 587, in request
    resp = self.send(prep, **send_kwargs)
  File "/home/grads/z/zshuying/Downloads/ENTER/envs/shuying/lib/python3.10/site-packages/requests/sessions.py", line 701, in send
    r = adapter.send(request, **kwargs)
  File "/home/grads/z/zshuying/Downloads/ENTER/envs/shuying/lib/python3.10/site-packages/requests/adapters.py", line 563, in send
    raise SSLError(e, request=request)
requests.exceptions.SSLError: HTTPSConnectionPool(host='rest.uniprot.org', port=443): Max retries exceeded with url: /uniprotkb/Q05086.fasta (Caused by SSLError(SSLEOFError(8, 'EOF occurred in violation of protocol (_ssl.c:997)')))
